0 info it worked if it ends with ok
1 verbose cli [ 'node', '/usr/local/bin/npm', 'install', 'http' ]
2 info using npm@1.1.65
3 info using node@v0.8.14
4 verbose read json /Users/kevinlarosa/Sites/IRI/scrap/package.json
5 verbose read json /Users/kevinlarosa/Sites/IRI/scrap/node_modules/node-phantom/package.json
6 verbose read json /Users/kevinlarosa/Sites/IRI/scrap/node_modules/request/package.json
7 verbose read json /Users/kevinlarosa/Sites/IRI/scrap/node_modules/underscore/package.json
8 verbose read json /Users/kevinlarosa/Sites/IRI/scrap/package.json
9 verbose cache add [ 'http', null ]
10 silly cache add name=undefined spec="http" args=["http",null]
11 verbose parsed url { pathname: 'http', path: 'http', href: 'http' }
12 silly lockFile 77b5f8e3-http http
13 verbose lock http /Users/kevinlarosa/.npm/77b5f8e3-http.lock
14 silly lockFile 77b5f8e3-http http
15 verbose addNamed [ 'http', '' ]
16 verbose addNamed [ null, '' ]
17 silly lockFile c1086ff9-http http@
18 verbose lock http@ /Users/kevinlarosa/.npm/c1086ff9-http.lock
19 silly addNameRange { name: 'http', range: '', hasData: false }
20 verbose url raw http
21 verbose url resolving [ 'https://registry.npmjs.org/', './http' ]
22 verbose url resolved https://registry.npmjs.org/http
23 info trying registry request attempt 1 at 19:11:32
24 http GET https://registry.npmjs.org/http
25 http 404 https://registry.npmjs.org/http
26 silly registry.get cb [ 404,
26 silly registry.get   { server: 'CouchDB/1.3.0 (Erlang OTP/R15B03)',
26 silly registry.get     date: 'Wed, 24 Apr 2013 17:11:33 GMT',
26 silly registry.get     'content-type': 'application/json',
26 silly registry.get     'content-length': '52',
26 silly registry.get     'cache-control': 'must-revalidate' } ]
27 silly lockFile c1086ff9-http http@
28 error 404 'http' is not in the npm registry.
28 error 404 You should bug the author to publish it
28 error 404
28 error 404 Note that you can also install from a
28 error 404 tarball, folder, or http url, or git url.
29 error System Darwin 12.3.0
30 error command "node" "/usr/local/bin/npm" "install" "http"
31 error cwd /Users/kevinlarosa/Sites/IRI/scrap
32 error node -v v0.8.14
33 error npm -v 1.1.65
34 error code E404
35 verbose exit [ 1, true ]
